
> vibe-generated-app@1.0.0 dev
> vite


  VITE v5.4.20  ready in 304 ms

  ➜  Local:   http://localhost:3000/
  ➜  Network: http://172.20.50.115:3000/
9:06:53 AM [vite] Pre-transform error: Transform failed with 1 error:
/home/workspace/src/pages/Product.jsx:6:10: ERROR: Expected ";" but found ":"
9:06:53 AM [vite] Internal server error: Transform failed with 1 error:
/home/workspace/src/pages/Product.jsx:6:10: ERROR: Expected ";" but found ":"
  Plugin: vite:esbuild
  File: /home/workspace/src/pages/Product.jsx:6:10
  
  Expected ";" but found ":"
  4  |  import Button from '../components/Button'
  5  |  
  6  |  const copy: Record<string, { title: string; kicker: string; features: string[] }> = {
     |            ^
  7  |    'embrain': {
  8  |      title: 'EmBrain',
  
      at failureErrorWithLog (/home/workspace/node_modules/esbuild/lib/main.js:1472:15)
      at /home/workspace/node_modules/esbuild/lib/main.js:755:50
      at responseCallbacks.<computed> (/home/workspace/node_modules/esbuild/lib/main.js:622:9)
      at handleIncomingPacket (/home/workspace/node_modules/esbuild/lib/main.js:677:12)
      at Socket.readFromStdout (/home/workspace/node_modules/esbuild/lib/main.js:600:7)
      at Socket.emit (node:events:508:28)
      at addChunk (node:internal/streams/readable:559:12)
      at readableAddChunkPushByteMode (node:internal/streams/readable:510:3)
      at Readable.push (node:internal/streams/readable:390:5)
      at Pipe.onStreamRead (node:internal/stream_base_commons:189:23)
9:07:25 AM [vite] Internal server error: Transform failed with 1 error:
/home/workspace/src/pages/Product.jsx:6:10: ERROR: Expected ";" but found ":"
  Plugin: vite:esbuild
  File: /home/workspace/src/pages/Product.jsx:6:10
  
  Expected ";" but found ":"
  4  |  import Button from '../components/Button'
  5  |  
  6  |  const copy: Record<string, { title: string; kicker: string; features: string[] }> = {
     |            ^
  7  |    'embrain': {
  8  |      title: 'EmBrain',
  
      at failureErrorWithLog (/home/workspace/node_modules/esbuild/lib/main.js:1472:15)
      at /home/workspace/node_modules/esbuild/lib/main.js:755:50
      at responseCallbacks.<computed> (/home/workspace/node_modules/esbuild/lib/main.js:622:9)
      at handleIncomingPacket (/home/workspace/node_modules/esbuild/lib/main.js:677:12)
      at Socket.readFromStdout (/home/workspace/node_modules/esbuild/lib/main.js:600:7)
      at Socket.emit (node:events:508:28)
      at addChunk (node:internal/streams/readable:559:12)
      at readableAddChunkPushByteMode (node:internal/streams/readable:510:3)
      at Readable.push (node:internal/streams/readable:390:5)
      at Pipe.onStreamRead (node:internal/stream_base_commons:189:23)
9:07:57 AM [vite] Internal server error: Transform failed with 1 error:
/home/workspace/src/pages/Product.jsx:6:10: ERROR: Expected ";" but found ":"
  Plugin: vite:esbuild
  File: /home/workspace/src/pages/Product.jsx:6:10
  
  Expected ";" but found ":"
  4  |  import Button from '../components/Button'
  5  |  
  6  |  const copy: Record<string, { title: string; kicker: string; features: string[] }> = {
     |            ^
  7  |    'embrain': {
  8  |      title: 'EmBrain',
  
      at failureErrorWithLog (/home/workspace/node_modules/esbuild/lib/main.js:1472:15)
      at /home/workspace/node_modules/esbuild/lib/main.js:755:50
      at responseCallbacks.<computed> (/home/workspace/node_modules/esbuild/lib/main.js:622:9)
      at handleIncomingPacket (/home/workspace/node_modules/esbuild/lib/main.js:677:12)
      at Socket.readFromStdout (/home/workspace/node_modules/esbuild/lib/main.js:600:7)
      at Socket.emit (node:events:508:28)
      at addChunk (node:internal/streams/readable:559:12)
      at readableAddChunkPushByteMode (node:internal/streams/readable:510:3)
      at Readable.push (node:internal/streams/readable:390:5)
      at Pipe.onStreamRead (node:internal/stream_base_commons:189:23)
9:08:31 AM [vite] Internal server error: Transform failed with 1 error:
/home/workspace/src/pages/Product.jsx:6:10: ERROR: Expected ";" but found ":"
  Plugin: vite:esbuild
  File: /home/workspace/src/pages/Product.jsx:6:10
  
  Expected ";" but found ":"
  4  |  import Button from '../components/Button'
  5  |  
  6  |  const copy: Record<string, { title: string; kicker: string; features: string[] }> = {
     |            ^
  7  |    'embrain': {
  8  |      title: 'EmBrain',
  
      at failureErrorWithLog (/home/workspace/node_modules/esbuild/lib/main.js:1472:15)
      at /home/workspace/node_modules/esbuild/lib/main.js:755:50
      at responseCallbacks.<computed> (/home/workspace/node_modules/esbuild/lib/main.js:622:9)
      at handleIncomingPacket (/home/workspace/node_modules/esbuild/lib/main.js:677:12)
      at Socket.readFromStdout (/home/workspace/node_modules/esbuild/lib/main.js:600:7)
      at Socket.emit (node:events:508:28)
      at addChunk (node:internal/streams/readable:559:12)
      at readableAddChunkPushByteMode (node:internal/streams/readable:510:3)
      at Readable.push (node:internal/streams/readable:390:5)
      at Pipe.onStreamRead (node:internal/stream_base_commons:189:23)
